#
# There is insufficient memory for the Java Runtime Environment to continue.
# Native memory allocation (malloc) failed to allocate 1883920 bytes for Chunk::new
# Possible reasons:
#   The system is out of physical RAM or swap space
#   The process is running with CompressedOops enabled, and the Java Heap may be blocking the growth of the native heap
# Possible solutions:
#   Reduce memory load on the system
#   Increase physical memory or swap space
#   Check if swap backing store is full
#   Decrease Java heap size (-Xmx/-Xms)
#   Decrease number of Java threads
#   Decrease Java thread stack sizes (-Xss)
#   Set larger code cache with -XX:ReservedCodeCacheSize=
#   JVM is running with Unscaled Compressed Oops mode in which the Java heap is
#     placed in the first 4GB address space. The Java Heap base address is the
#     maximum limit for the native heap growth. Please use -XX:HeapBaseMinAddress
#     to set the Java Heap base and to place the Java Heap above 4GB virtual address.
# This output file may be truncated or incomplete.
#
#  Out of Memory Error (arena.cpp:189), pid=23692, tid=24168
#
# JRE version: OpenJDK Runtime Environment JBR-17.0.3+7-469.32-jcef (17.0.3+7) (build 17.0.3+7-b469.32)
# Java VM: OpenJDK 64-Bit Server VM JBR-17.0.3+7-469.32-jcef (17.0.3+7-b469.32, mixed mode, tiered, compressed oops, compressed class ptrs, g1 gc, windows-amd64)
# No core dump will be written. Minidumps are not enabled by default on client versions of Windows
#

---------------  S U M M A R Y ------------

Command Line: -Djava.rmi.server.hostname=127.0.0.1 -Duser.timezone=UTC -Xmx750m -Xms128m -XX:+IgnoreUnrecognizedVMOptions --add-opens=jdk.unsupported/sun.misc=ALL-UNNAMED --add-opens=java.base/java.nio=ALL-UNNAMED -Dfile.encoding=UTF-8 com.intellij.database.remote.RemoteJdbcServer org.postgresql.Driver

Host: Intel(R) Core(TM) i3-4030U CPU @ 1.90GHz, 4 cores, 9G,  Windows 10 , 64 bit Build 19041 (10.0.19041.1806)
Time: Tue Aug  9 23:32:05 2022 SE Asia Standard Time elapsed time: 7.351645 seconds (0d 0h 0m 7s)

---------------  T H R E A D  ---------------

Current thread (0x000001553340dae0):  JavaThread "C2 CompilerThread0" daemon [_thread_in_native, id=24168, stack(0x0000001106b00000,0x0000001106c00000)]


Current CompileTask:
C2:   7351 1439       4       jdk.internal.org.objectweb.asm.Frame::execute (2305 bytes)

Stack: [0x0000001106b00000,0x0000001106c00000]
Native frames: (J=compiled Java code, j=interpreted, Vv=VM code, C=native code)
V  [jvm.dll+0x681f8a]
V  [jvm.dll+0x83e374]
V  [jvm.dll+0x83fb1e]
V  [jvm.dll+0x840183]
V  [jvm.dll+0x2492a5]
V  [jvm.dll+0xabd5c]
V  [jvm.dll+0xac32c]
V  [jvm.dll+0x3681d7]
V  [jvm.dll+0x3327b1]
V  [jvm.dll+0x331c5a]
V  [jvm.dll+0x21b951]
V  [jvm.dll+0x21ad71]
V  [jvm.dll+0x1a49dd]
V  [jvm.dll+0x22a7e8]
V  [jvm.dll+0x228891]
V  [jvm.dll+0x7f3d6c]
V  [jvm.dll+0x7ee2ea]
V  [jvm.dll+0x680dc5]
C  [ucrtbase.dll+0x21bb2]
C  [KERNEL32.DLL+0x17034]
C  [ntdll.dll+0x52651]


---------------  P R O C E S S  ---------------

Threads class SMR info:
_java_thread_list=0x0000015533cc8070, length=19, elements={
0x000001551c1c3cf0, 0x000001553296f150, 0x0000015532970fd0, 0x00000155334091a0,
0x000001553340ab60, 0x000001553340bcb0, 0x000001553340c660, 0x000001553340dae0,
0x0000015533412220, 0x0000015533416ee0, 0x0000015533581340, 0x0000015533581810,
0x0000015533860590, 0x00000155337fde90, 0x00000155337fe360, 0x00000155337fe830,
0x000001553387fbe0, 0x00000155339575a0, 0x0000015533957a70
}

Java Threads: ( => current thread )
  0x000001551c1c3cf0 JavaThread "main" [_thread_blocked, id=23860, stack(0x0000001105e00000,0x0000001105f00000)]
  0x000001553296f150 JavaThread "Reference Handler" daemon [_thread_blocked, id=16052, stack(0x0000001106500000,0x0000001106600000)]
  0x0000015532970fd0 JavaThread "Finalizer" daemon [_thread_blocked, id=24328, stack(0x0000001106600000,0x0000001106700000)]
  0x00000155334091a0 JavaThread "Signal Dispatcher" daemon [_thread_blocked, id=17736, stack(0x0000001106700000,0x0000001106800000)]
  0x000001553340ab60 JavaThread "Attach Listener" daemon [_thread_blocked, id=22644, stack(0x0000001106800000,0x0000001106900000)]
  0x000001553340bcb0 JavaThread "Service Thread" daemon [_thread_blocked, id=5396, stack(0x0000001106900000,0x0000001106a00000)]
  0x000001553340c660 JavaThread "Monitor Deflation Thread" daemon [_thread_blocked, id=16784, stack(0x0000001106a00000,0x0000001106b00000)]
=>0x000001553340dae0 JavaThread "C2 CompilerThread0" daemon [_thread_in_native, id=24168, stack(0x0000001106b00000,0x0000001106c00000)]
  0x0000015533412220 JavaThread "C1 CompilerThread0" daemon [_thread_blocked, id=10412, stack(0x0000001106c00000,0x0000001106d00000)]
  0x0000015533416ee0 JavaThread "Sweeper thread" daemon [_thread_blocked, id=23016, stack(0x0000001106d00000,0x0000001106e00000)]
  0x0000015533581340 JavaThread "Common-Cleaner" daemon [_thread_blocked, id=22820, stack(0x0000001106e00000,0x0000001106f00000)]
  0x0000015533581810 JavaThread "Notification Thread" daemon [_thread_blocked, id=23492, stack(0x0000001106f00000,0x0000001107000000)]
  0x0000015533860590 JavaThread "RMI TCP Accept-13167" daemon [_thread_in_native, id=23128, stack(0x0000001107100000,0x0000001107200000)]
  0x00000155337fde90 JavaThread "RMI TCP Accept-0" daemon [_thread_in_native, id=15108, stack(0x0000001107200000,0x0000001107300000)]
  0x00000155337fe360 JavaThread "RMI Reaper" [_thread_blocked, id=21476, stack(0x0000001107300000,0x0000001107400000)]
  0x00000155337fe830 JavaThread "RMI GC Daemon" daemon [_thread_blocked, id=23940, stack(0x0000001107400000,0x0000001107500000)]
  0x000001553387fbe0 JavaThread "RMI TCP Connection(1)-127.0.0.1" daemon [_thread_in_native, id=23800, stack(0x0000001107500000,0x0000001107600000)]
  0x00000155339575a0 JavaThread "RMI Scheduler(0)" daemon [_thread_blocked, id=23712, stack(0x0000001107600000,0x0000001107700000)]
  0x0000015533957a70 JavaThread "RMI TCP Connection(2)-127.0.0.1" daemon [_thread_in_native, id=11328, stack(0x0000001107700000,0x0000001107800000)]

Other Threads:
  0x000001553296b520 VMThread "VM Thread" [stack: 0x0000001106400000,0x0000001106500000] [id=22556]
  0x000001553357f010 WatcherThread [stack: 0x0000001107000000,0x0000001107100000] [id=19788]
  0x000001551c1f6a70 GCTaskThread "GC Thread#0" [stack: 0x0000001105f00000,0x0000001106000000] [id=21588]
  0x0000015533a9c540 GCTaskThread "GC Thread#1" [stack: 0x0000001107900000,0x0000001107a00000] [id=23080]
  0x0000015533a9c7f0 GCTaskThread "GC Thread#2" [stack: 0x0000001107a00000,0x0000001107b00000] [id=22960]
  0x0000015533c211b0 GCTaskThread "GC Thread#3" [stack: 0x0000001107b00000,0x0000001107c00000] [id=24068]
  0x000001551c1fd770 ConcurrentGCThread "G1 Main Marker" [stack: 0x0000001106000000,0x0000001106100000] [id=21092]
  0x000001551c1fe180 ConcurrentGCThread "G1 Conc#0" [stack: 0x0000001106100000,0x0000001106200000] [id=5584]
  0x000001551c275a10 ConcurrentGCThread "G1 Refine#0" [stack: 0x0000001106200000,0x0000001106300000] [id=10112]
  0x0000015533bf7350 ConcurrentGCThread "G1 Refine#1" [stack: 0x0000001107c00000,0x0000001107d00000] [id=20096]
  0x0000015533c21460 ConcurrentGCThread "G1 Refine#2" [stack: 0x0000001107d00000,0x0000001107e00000] [id=12812]
  0x000001551c277440 ConcurrentGCThread "G1 Service" [stack: 0x0000001106300000,0x0000001106400000] [id=21008]

Threads with active compile tasks:
C2 CompilerThread0     7428 1439       4       jdk.internal.org.objectweb.asm.Frame::execute (2305 bytes)

VM state: not at safepoint (normal execution)

VM Mutex/Monitor currently owned by a thread: None

Heap address: 0x00000000d1200000, size: 750 MB, Compressed Oops mode: 32-bit

CDS archive(s) not mapped
Compressed class space mapped at: 0x0000000100000000-0x0000000140000000, reserved size: 1073741824
Narrow klass base: 0x0000000000000000, Narrow klass shift: 3, Narrow klass range: 0x140000000

GC Precious Log:
 CPUs: 4 total, 4 available
 Memory: 10123M
 Large Page Support: Disabled
 NUMA Support: Disabled
 Compressed Oops: Enabled (32-bit)
 Heap Region Size: 1M
 Heap Min Capacity: 128M
 Heap Initial Capacity: 128M
 Heap Max Capacity: 750M
 Pre-touch: Disabled
 Parallel Workers: 4
 Concurrent Workers: 1
 Concurrent Refinement Workers: 4
 Periodic GC: Disabled

Heap:
 garbage-first heap   total 131072K, used 13575K [0x00000000d1200000, 0x0000000100000000)
  region size 1024K, 12 young (12288K), 2 survivors (2048K)
 Metaspace       used 20211K, committed 20480K, reserved 1073152K
  class space    used 2125K, committed 2240K, reserved 1048576K

Heap Regions: E=young(eden), S=young(survivor), O=old, HS=humongous(starts), HC=humongous(continues), CS=collection set, F=free, OA=open archive, CA=closed archive, TAMS=top-at-mark-start (previous, next)
|   0|0x00000000d1200000, 0x00000000d1300000, 0x00000000d1300000|100%| O|  |TAMS 0x00000000d1200000, 0x00000000d1200000| Untracked 
|   1|0x00000000d1300000, 0x00000000d1400000, 0x00000000d1400000|100%| O|  |TAMS 0x00000000d1300000, 0x00000000d1300000| Untracked 
|   2|0x00000000d1400000, 0x00000000d1441e00, 0x00000000d1500000| 25%| O|  |TAMS 0x00000000d1400000, 0x00000000d1400000| Untracked 
|   3|0x00000000d1500000, 0x00000000d1500000, 0x00000000d1600000|  0%| F|  |TAMS 0x00000000d1500000, 0x00000000d1500000| Untracked 
|   4|0x00000000d1600000, 0x00000000d1600000, 0x00000000d1700000|  0%| F|  |TAMS 0x00000000d1600000, 0x00000000d1600000| Untracked 
|   5|0x00000000d1700000, 0x00000000d1700000, 0x00000000d1800000|  0%| F|  |TAMS 0x00000000d1700000, 0x00000000d1700000| Untracked 
|   6|0x00000000d1800000, 0x00000000d1800000, 0x00000000d1900000|  0%| F|  |TAMS 0x00000000d1800000, 0x00000000d1800000| Untracked 
|   7|0x00000000d1900000, 0x00000000d1900000, 0x00000000d1a00000|  0%| F|  |TAMS 0x00000000d1900000, 0x00000000d1900000| Untracked 
|   8|0x00000000d1a00000, 0x00000000d1a00000, 0x00000000d1b00000|  0%| F|  |TAMS 0x00000000d1a00000, 0x00000000d1a00000| Untracked 
|   9|0x00000000d1b00000, 0x00000000d1b00000, 0x00000000d1c00000|  0%| F|  |TAMS 0x00000000d1b00000, 0x00000000d1b00000| Untracked 
|  10|0x00000000d1c00000, 0x00000000d1c00000, 0x00000000d1d00000|  0%| F|  |TAMS 0x00000000d1c00000, 0x00000000d1c00000| Untracked 
|  11|0x00000000d1d00000, 0x00000000d1d00000, 0x00000000d1e00000|  0%| F|  |TAMS 0x00000000d1d00000, 0x00000000d1d00000| Untracked 
|  12|0x00000000d1e00000, 0x00000000d1e00000, 0x00000000d1f00000|  0%| F|  |TAMS 0x00000000d1e00000, 0x00000000d1e00000| Untracked 
|  13|0x00000000d1f00000, 0x00000000d1f00000, 0x00000000d2000000|  0%| F|  |TAMS 0x00000000d1f00000, 0x00000000d1f00000| Untracked 
|  14|0x00000000d2000000, 0x00000000d2000000, 0x00000000d2100000|  0%| F|  |TAMS 0x00000000d2000000, 0x00000000d2000000| Untracked 
|  15|0x00000000d2100000, 0x00000000d2100000, 0x00000000d2200000|  0%| F|  |TAMS 0x00000000d2100000, 0x00000000d2100000| Untracked 
|  16|0x00000000d2200000, 0x00000000d2200000, 0x00000000d2300000|  0%| F|  |TAMS 0x00000000d2200000, 0x00000000d2200000| Untracked 
|  17|0x00000000d2300000, 0x00000000d2300000, 0x00000000d2400000|  0%| F|  |TAMS 0x00000000d2300000, 0x00000000d2300000| Untracked 
|  18|0x00000000d2400000, 0x00000000d2400000, 0x00000000d2500000|  0%| F|  |TAMS 0x00000000d2400000, 0x00000000d2400000| Untracked 
|  19|0x00000000d2500000, 0x00000000d2500000, 0x00000000d2600000|  0%| F|  |TAMS 0x00000000d2500000, 0x00000000d2500000| Untracked 
|  20|0x00000000d2600000, 0x00000000d2600000, 0x00000000d2700000|  0%| F|  |TAMS 0x00000000d2600000, 0x00000000d2600000| Untracked 
|  21|0x00000000d2700000, 0x00000000d2700000, 0x00000000d2800000|  0%| F|  |TAMS 0x00000000d2700000, 0x00000000d2700000| Untracked 
|  22|0x00000000d2800000, 0x00000000d2800000, 0x00000000d2900000|  0%| F|  |TAMS 0x00000000d2800000, 0x00000000d2800000| Untracked 
|  23|0x00000000d2900000, 0x00000000d2900000, 0x00000000d2a00000|  0%| F|  |TAMS 0x00000000d2900000, 0x00000000d2900000| Untracked 
|  24|0x00000000d2a00000, 0x00000000d2a00000, 0x00000000d2b00000|  0%| F|  |TAMS 0x00000000d2a00000, 0x00000000d2a00000| Untracked 
|  25|0x00000000d2b00000, 0x00000000d2b00000, 0x00000000d2c00000|  0%| F|  |TAMS 0x00000000d2b00000, 0x00000000d2b00000| Untracked 
|  26|0x00000000d2c00000, 0x00000000d2c00000, 0x00000000d2d00000|  0%| F|  |TAMS 0x00000000d2c00000, 0x00000000d2c00000| Untracked 
|  27|0x00000000d2d00000, 0x00000000d2d00000, 0x00000000d2e00000|  0%| F|  |TAMS 0x00000000d2d00000, 0x00000000d2d00000| Untracked 
|  28|0x00000000d2e00000, 0x00000000d2e00000, 0x00000000d2f00000|  0%| F|  |TAMS 0x00000000d2e00000, 0x00000000d2e00000| Untracked 
|  29|0x00000000d2f00000, 0x00000000d2f00000, 0x00000000d3000000|  0%| F|  |TAMS 0x00000000d2f00000, 0x00000000d2f00000| Untracked 
|  30|0x00000000d3000000, 0x00000000d3000000, 0x00000000d3100000|  0%| F|  |TAMS 0x00000000d3000000, 0x00000000d3000000| Untracked 
|  31|0x00000000d3100000, 0x00000000d3100000, 0x00000000d3200000|  0%| F|  |TAMS 0x00000000d3100000, 0x00000000d3100000| Untracked 
|  32|0x00000000d3200000, 0x00000000d3200000, 0x00000000d3300000|  0%| F|  |TAMS 0x00000000d3200000, 0x00000000d3200000| Untracked 
|  33|0x00000000d3300000, 0x00000000d3300000, 0x00000000d3400000|  0%| F|  |TAMS 0x00000000d3300000, 0x00000000d3300000| Untracked 
|  34|0x00000000d3400000, 0x00000000d3400000, 0x00000000d3500000|  0%| F|  |TAMS 0x00000000d3400000, 0x00000000d3400000| Untracked 
|  35|0x00000000d3500000, 0x00000000d3500000, 0x00000000d3600000|  0%| F|  |TAMS 0x00000000d3500000, 0x00000000d3500000| Untracked 
|  36|0x00000000d3600000, 0x00000000d3600000, 0x00000000d3700000|  0%| F|  |TAMS 0x00000000d3600000, 0x00000000d3600000| Untracked 
|  37|0x00000000d3700000, 0x00000000d3700000, 0x00000000d3800000|  0%| F|  |TAMS 0x00000000d3700000, 0x00000000d3700000| Untracked 
|  38|0x00000000d3800000, 0x00000000d3800000, 0x00000000d3900000|  0%| F|  |TAMS 0x00000000d3800000, 0x00000000d3800000| Untracked 
|  39|0x00000000d3900000, 0x00000000d3900000, 0x00000000d3a00000|  0%| F|  |TAMS 0x00000000d3900000, 0x00000000d3900000| Untracked 
|  40|0x00000000d3a00000, 0x00000000d3a00000, 0x00000000d3b00000|  0%| F|  |TAMS 0x00000000d3a00000, 0x00000000d3a00000| Untracked 
|  41|0x00000000d3b00000, 0x00000000d3b00000, 0x00000000d3c00000|  0%| F|  |TAMS 0x00000000d3b00000, 0x00000000d3b00000| Untracked 
|  42|0x00000000d3c00000, 0x00000000d3c00000, 0x00000000d3d00000|  0%| F|  |TAMS 0x00000000d3c00000, 0x00000000d3c00000| Untracked 
|  43|0x00000000d3d00000, 0x00000000d3d00000, 0x00000000d3e00000|  0%| F|  |TAMS 0x00000000d3d00000, 0x00000000d3d00000| Untracked 
|  44|0x00000000d3e00000, 0x00000000d3e00000, 0x00000000d3f00000|  0%| F|  |TAMS 0x00000000d3e00000, 0x00000000d3e00000| Untracked 
|  45|0x00000000d3f00000, 0x00000000d3f00000, 0x00000000d4000000|  0%| F|  |TAMS 0x00000000d3f00000, 0x00000000d3f00000| Untracked 
|  46|0x00000000d4000000, 0x00000000d4000000, 0x00000000d4100000|  0%| F|  |TAMS 0x00000000d4000000, 0x00000000d4000000| Untracked 
|  47|0x00000000d4100000, 0x00000000d4100000, 0x00000000d4200000|  0%| F|  |TAMS 0x00000000d4100000, 0x00000000d4100000| Untracked 
|  48|0x00000000d4200000, 0x00000000d4200000, 0x00000000d4300000|  0%| F|  |TAMS 0x00000000d4200000, 0x00000000d4200000| Untracked 
|  49|0x00000000d4300000, 0x00000000d4300000, 0x00000000d4400000|  0%| F|  |TAMS 0x00000000d4300000, 0x00000000d4300000| Untracked 
|  50|0x00000000d4400000, 0x00000000d4400000, 0x00000000d4500000|  0%| F|  |TAMS 0x00000000d4400000, 0x00000000d4400000| Untracked 
|  51|0x00000000d4500000, 0x00000000d4500000, 0x00000000d4600000|  0%| F|  |TAMS 0x00000000d4500000, 0x00000000d4500000| Untracked 
|  52|0x00000000d4600000, 0x00000000d4600000, 0x00000000d4700000|  0%| F|  |TAMS 0x00000000d4600000, 0x00000000d4600000| Untracked 
|  53|0x00000000d4700000, 0x00000000d4700000, 0x00000000d4800000|  0%| F|  |TAMS 0x00000000d4700000, 0x00000000d4700000| Untracked 
|  54|0x00000000d4800000, 0x00000000d4800000, 0x00000000d4900000|  0%| F|  |TAMS 0x00000000d4800000, 0x00000000d4800000| Untracked 
|  55|0x00000000d4900000, 0x00000000d4900000, 0x00000000d4a00000|  0%| F|  |TAMS 0x00000000d4900000, 0x00000000d4900000| Untracked 
|  56|0x00000000d4a00000, 0x00000000d4a00000, 0x00000000d4b00000|  0%| F|  |TAMS 0x00000000d4a00000, 0x00000000d4a00000| Untracked 
|  57|0x00000000d4b00000, 0x00000000d4b00000, 0x00000000d4c00000|  0%| F|  |TAMS 0x00000000d4b00000, 0x00000000d4b00000| Untracked 
|  58|0x00000000d4c00000, 0x00000000d4c00000, 0x00000000d4d00000|  0%| F|  |TAMS 0x00000000d4c00000, 0x00000000d4c00000| Untracked 
|  59|0x00000000d4d00000, 0x00000000d4d00000, 0x00000000d4e00000|  0%| F|  |TAMS 0x00000000d4d00000, 0x00000000d4d00000| Untracked 
|  60|0x00000000d4e00000, 0x00000000d4e00000, 0x00000000d4f00000|  0%| F|  |TAMS 0x00000000d4e00000, 0x00000000d4e00000| Untracked 
|  61|0x00000000d4f00000, 0x00000000d4f00000, 0x00000000d5000000|  0%| F|  |TAMS 0x00000000d4f00000, 0x00000000d4f00000| Untracked 
|  62|0x00000000d5000000, 0x00000000d5000000, 0x00000000d5100000|  0%| F|  |TAMS 0x00000000d5000000, 0x00000000d5000000| Untracked 
|  63|0x00000000d5100000, 0x00000000d5100000, 0x00000000d5200000|  0%| F|  |TAMS 0x00000000d5100000, 0x00000000d5100000| Untracked 
|  64|0x00000000d5200000, 0x00000000d5200000, 0x00000000d5300000|  0%| F|  |TAMS 0x00000000d5200000, 0x00000000d5200000| Untracked 
|  65|0x00000000d5300000, 0x00000000d5300000, 0x00000000d5400000|  0%| F|  |TAMS 0x00000000d5300000, 0x00000000d5300000| Untracked 
|  66|0x00000000d5400000, 0x00000000d5400000, 0x00000000d5500000|  0%| F|  |TAMS 0x00000000d5400000, 0x00000000d5400000| Untracked 
|  67|0x00000000d5500000, 0x00000000d5500000, 0x00000000d5600000|  0%| F|  |TAMS 0x00000000d5500000, 0x00000000d5500000| Untracked 
|  68|0x00000000d5600000, 0x00000000d5600000, 0x00000000d5700000|  0%| F|  |TAMS 0x00000000d5600000, 0x00000000d5600000| Untracked 
|  69|0x00000000d5700000, 0x00000000d5700000, 0x00000000d5800000|  0%| F|  |TAMS 0x00000000d5700000, 0x00000000d5700000| Untracked 
|  70|0x00000000d5800000, 0x00000000d5800000, 0x00000000d5900000|  0%| F|  |TAMS 0x00000000d5800000, 0x00000000d5800000| Untracked 
|  71|0x00000000d5900000, 0x00000000d5900000, 0x00000000d5a00000|  0%| F|  |TAMS 0x00000000d5900000, 0x00000000d5900000| Untracked 
|  72|0x00000000d5a00000, 0x00000000d5a00000, 0x00000000d5b00000|  0%| F|  |TAMS 0x00000000d5a00000, 0x00000000d5a00000| Untracked 
|  73|0x00000000d5b00000, 0x00000000d5b00000, 0x00000000d5c00000|  0%| F|  |TAMS 0x00000000d5b00000, 0x00000000d5b00000| Untracked 
|  74|0x00000000d5c00000, 0x00000000d5c00000, 0x00000000d5d00000|  0%| F|  |TAMS 0x00000000d5c00000, 0x00000000d5c00000| Untracked 
|  75|0x00000000d5d00000, 0x00000000d5d00000, 0x00000000d5e00000|  0%| F|  |TAMS 0x00000000d5d00000, 0x00000000d5d00000| Untracked 
|  76|0x00000000d5e00000, 0x00000000d5e00000, 0x00000000d5f00000|  0%| F|  |TAMS 0x00000000d5e00000, 0x00000000d5e00000| Untracked 
|  77|0x00000000d5f00000, 0x00000000d5f00000, 0x00000000d6000000|  0%| F|  |TAMS 0x00000000d5f00000, 0x00000000d5f00000| Untracked 
|  78|0x00000000d6000000, 0x00000000d6000000, 0x00000000d6100000|  0%| F|  |TAMS 0x00000000d6000000, 0x00000000d6000000| Untracked 
|  79|0x00000000d6100000, 0x00000000d6100000, 0x00000000d6200000|  0%| F|  |TAMS 0x00000000d6100000, 0x00000000d6100000| Untracked 
|  80|0x00000000d6200000, 0x00000000d6200000, 0x00000000d6300000|  0%| F|  |TAMS 0x00000000d6200000, 0x00000000d6200000| Untracked 
|  81|0x00000000d6300000, 0x00000000d6300000, 0x00000000d6400000|  0%| F|  |TAMS 0x00000000d6300000, 0x00000000d6300000| Untracked 
|  82|0x00000000d6400000, 0x00000000d6400000, 0x00000000d6500000|  0%| F|  |TAMS 0x00000000d6400000, 0x00000000d6400000| Untracked 
|  83|0x00000000d6500000, 0x00000000d6500000, 0x00000000d6600000|  0%| F|  |TAMS 0x00000000d6500000, 0x00000000d6500000| Untracked 
|  84|0x00000000d6600000, 0x00000000d6600000, 0x00000000d6700000|  0%| F|  |TAMS 0x00000000d6600000, 0x00000000d6600000| Untracked 
|  85|0x00000000d6700000, 0x00000000d6700000, 0x00000000d6800000|  0%| F|  |TAMS 0x00000000d6700000, 0x00000000d6700000| Untracked 
|  86|0x00000000d6800000, 0x00000000d6800000, 0x00000000d6900000|  0%| F|  |TAMS 0x00000000d6800000, 0x00000000d6800000| Untracked 
|  87|0x00000000d6900000, 0x00000000d6900000, 0x00000000d6a00000|  0%| F|  |TAMS 0x00000000d6900000, 0x00000000d6900000| Untracked 
|  88|0x00000000d6a00000, 0x00000000d6a00000, 0x00000000d6b00000|  0%| F|  |TAMS 0x00000000d6a00000, 0x00000000d6a00000| Untracked 
|  89|0x00000000d6b00000, 0x00000000d6b00000, 0x00000000d6c00000|  0%| F|  |TAMS 0x00000000d6b00000, 0x00000000d6b00000| Untracked 
|  90|0x00000000d6c00000, 0x00000000d6c00000, 0x00000000d6d00000|  0%| F|  |TAMS 0x00000000d6c00000, 0x00000000d6c00000| Untracked 
|  91|0x00000000d6d00000, 0x00000000d6d00000, 0x00000000d6e00000|  0%| F|  |TAMS 0x00000000d6d00000, 0x00000000d6d00000| Untracked 
|  92|0x00000000d6e00000, 0x00000000d6e00000, 0x00000000d6f00000|  0%| F|  |TAMS 0x00000000d6e00000, 0x00000000d6e00000| Untracked 
|  93|0x00000000d6f00000, 0x00000000d6f00000, 0x00000000d7000000|  0%| F|  |TAMS 0x00000000d6f00000, 0x00000000d6f00000| Untracked 
|  94|0x00000000d7000000, 0x00000000d7000000, 0x00000000d7100000|  0%| F|  |TAMS 0x00000000d7000000, 0x00000000d7000000| Untracked 
|  95|0x00000000d7100000, 0x00000000d7100000, 0x00000000d7200000|  0%| F|  |TAMS 0x00000000d7100000, 0x00000000d7100000| Untracked 
|  96|0x00000000d7200000, 0x00000000d7200000, 0x00000000d7300000|  0%| F|  |TAMS 0x00000000d7200000, 0x00000000d7200000| Untracked 
|  97|0x00000000d7300000, 0x00000000d7300000, 0x00000000d7400000|  0%| F|  |TAMS 0x00000000d7300000, 0x00000000d7300000| Untracked 
|  98|0x00000000d7400000, 0x00000000d7400000, 0x00000000d7500000|  0%| F|  |TAMS 0x00000000d7400000, 0x00000000d7400000| Untracked 
|  99|0x00000000d7500000, 0x00000000d7500000, 0x00000000d7600000|  0%| F|  |TAMS 0x00000000d7500000, 0x00000000d7500000| Untracked 
| 100|0x00000000d7600000, 0x00000000d7600000, 0x00000000d7700000|  0%| F|  |TAMS 0x00000000d7600000, 0x00000000d7600000| Untracked 
| 101|0x00000000d7700000, 0x00000000d7700000, 0x00000000d7800000|  0%| F|  |TAMS 0x00000000d7700000, 0x00000000d7700000| Untracked 
| 102|0x00000000d7800000, 0x00000000d7800000, 0x00000000d7900000|  0%| F|  |TAMS 0x00000000d7800000, 0x00000000d7800000| Untracked 
| 103|0x00000000d7900000, 0x00000000d7900000, 0x00000000d7a00000|  0%| F|  |TAMS 0x00000000d7900000, 0x00000000d7900000| Untracked 
| 104|0x00000000d7a00000, 0x00000000d7a00000, 0x00000000d7b00000|  0%| F|  |TAMS 0x00000000d7a00000, 0x00000000d7a00000| Untracked 
| 105|0x00000000d7b00000, 0x00000000d7b00000, 0x00000000d7c00000|  0%| F|  |TAMS 0x00000000d7b00000, 0x00000000d7b00000| Untracked 
| 106|0x00000000d7c00000, 0x00000000d7c00000, 0x00000000d7d00000|  0%| F|  |TAMS 0x00000000d7c00000, 0x00000000d7c00000| Untracked 
| 107|0x00000000d7d00000, 0x00000000d7d00000, 0x00000000d7e00000|  0%| F|  |TAMS 0x00000000d7d00000, 0x00000000d7d00000| Untracked 
| 108|0x00000000d7e00000, 0x00000000d7e00000, 0x00000000d7f00000|  0%| F|  |TAMS 0x00000000d7e00000, 0x00000000d7e00000| Untracked 
| 109|0x00000000d7f00000, 0x00000000d7f00000, 0x00000000d8000000|  0%| F|  |TAMS 0x00000000d7f00000, 0x00000000d7f00000| Untracked 
| 110|0x00000000d8000000, 0x00000000d8000000, 0x00000000d8100000|  0%| F|  |TAMS 0x00000000d8000000, 0x00000000d8000000| Untracked 
| 111|0x00000000d8100000, 0x00000000d8100000, 0x00000000d8200000|  0%| F|  |TAMS 0x00000000d8100000, 0x00000000d8100000| Untracked 
| 112|0x00000000d8200000, 0x00000000d8200000, 0x00000000d8300000|  0%| F|  |TAMS 0x00000000d8200000, 0x00000000d8200000| Untracked 
| 113|0x00000000d8300000, 0x00000000d8400000, 0x00000000d8400000|100%| S|CS|TAMS 0x00000000d8300000, 0x00000000d8300000| Complete 
| 114|0x00000000d8400000, 0x00000000d8500000, 0x00000000d8500000|100%| S|CS|TAMS 0x00000000d8400000, 0x00000000d8400000| Complete 
| 115|0x00000000d8500000, 0x00000000d8500000, 0x00000000d8600000|  0%| F|  |TAMS 0x00000000d8500000, 0x00000000d8500000| Untracked 
| 116|0x00000000d8600000, 0x00000000d8600000, 0x00000000d8700000|  0%| F|  |TAMS 0x00000000d8600000, 0x00000000d8600000| Untracked 
| 117|0x00000000d8700000, 0x00000000d8700000, 0x00000000d8800000|  0%| F|  |TAMS 0x00000000d8700000, 0x00000000d8700000| Untracked 
| 118|0x00000000d8800000, 0x00000000d8832138, 0x00000000d8900000| 19%| E|  |TAMS 0x00000000d8800000, 0x00000000d8800000| Complete 
| 119|0x00000000d8900000, 0x00000000d8a00000, 0x00000000d8a00000|100%| E|CS|TAMS 0x00000000d8900000, 0x00000000d8900000| Complete 
| 120|0x00000000d8a00000, 0x00000000d8b00000, 0x00000000d8b00000|100%| E|CS|TAMS 0x00000000d8a00000, 0x00000000d8a00000| Complete 
| 121|0x00000000d8b00000, 0x00000000d8c00000, 0x00000000d8c00000|100%| E|CS|TAMS 0x00000000d8b00000, 0x00000000d8b00000| Complete 
| 122|0x00000000d8c00000, 0x00000000d8d00000, 0x00000000d8d00000|100%| E|CS|TAMS 0x00000000d8c00000, 0x00000000d8c00000| Complete 
| 123|0x00000000d8d00000, 0x00000000d8e00000, 0x00000000d8e00000|100%| E|CS|TAMS 0x00000000d8d00000, 0x00000000d8d00000| Complete 
| 124|0x00000000d8e00000, 0x00000000d8f00000, 0x00000000d8f00000|100%| E|CS|TAMS 0x00000000d8e00000, 0x00000000d8e00000| Complete 
| 125|0x00000000d8f00000, 0x00000000d9000000, 0x00000000d9000000|100%| E|CS|TAMS 0x00000000d8f00000, 0x00000000d8f00000| Complete 
| 126|0x00000000d9000000, 0x00000000d9100000, 0x00000000d9100000|100%| E|CS|TAMS 0x00000000d9000000, 0x00000000d9000000| Complete 
| 127|0x00000000d9100000, 0x00000000d9200000, 0x00000000d9200000|100%| E|CS|TAMS 0x00000000d9100000, 0x00000000d9100000| Complete 

Card table byte_map: [0x000001552e920000,0x000001552eaa0000] _byte_map_base: 0x000001552e297000

Marking Bits (Prev, Next): (CMBitMap*) 0x000001551c1f7080, (CMBitMap*) 0x000001551c1f70c0
 Prev Bits: [0x000001552ec20000, 0x000001552f7d8000)
 Next Bits: [0x000001552f7e0000, 0x0000015530398000)

Polling page: 0x000001551a350000

Metaspace:

Usage:
  Non-class:     17.66 MB used.
      Class:      2.08 MB used.
       Both:     19.74 MB used.

Virtual space:
  Non-class space:       24.00 MB reserved,      17.81 MB ( 74%) committed,  3 nodes.
      Class space:        1.00 GB reserved,       2.19 MB ( <1%) committed,  1 nodes.
             Both:        1.02 GB reserved,      20.00 MB (  2%) committed. 

Chunk freelists:
   Non-Class:  2.06 MB
       Class:  1.65 MB
        Both:  3.71 MB

MaxMetaspaceSize: unlimited
CompressedClassSpaceSize: 1.00 GB
Initial GC threshold: 21.00 MB
Current GC threshold: 21.00 MB
CDS: off
MetaspaceReclaimPolicy: balanced
 - commit_granule_bytes: 65536.
 - commit_granule_words: 8192.
 - virtual_space_node_default_size: 1048576.
 - enlarge_chunks_in_place: 1.
 - new_chunks_are_fully_committed: 0.
 - uncommit_free_chunks: 1.
 - use_allocation_guard: 0.
 - handle_deallocations: 1.


Internal statistics:

num_allocs_failed_limit: 0.
num_arena_births: 198.
num_arena_deaths: 0.
num_vsnodes_births: 4.
num_vsnodes_deaths: 0.
num_space_committed: 320.
num_space_uncommitted: 0.
num_chunks_returned_to_freelist: 0.
num_chunks_taken_from_freelist: 430.
num_chunk_merges: 0.
num_chunk_splits: 254.
num_chunks_enlarged: 134.
num_purges: 0.
num_inconsistent_stats: 0.

CodeHeap 'non-profiled nmethods': size=120000Kb used=485Kb max_used=485Kb free=119514Kb
 bounds [0x00000155273f0000, 0x0000015527660000, 0x000001552e920000]
CodeHeap 'profiled nmethods': size=120000Kb used=2616Kb max_used=2616Kb free=117383Kb
 bounds [0x000001551fec0000, 0x0000015520150000, 0x00000155273f0000]
CodeHeap 'non-nmethods': size=5760Kb used=1213Kb max_used=1229Kb free=4547Kb
 bounds [0x000001551f920000, 0x000001551fb90000, 0x000001551fec0000]
 total_blobs=1970 nmethods=1458 adapters=425
 compilation: enabled
              stopped_count=0, restarted_count=0
 full_count=0

Compilation events (20 events):
Event: 7.140 Thread 0x0000015533412220 1448       3       java.security.Provider$ServiceKey::equals (53 bytes)
Event: 7.141 Thread 0x0000015533412220 nmethod 1448 0x0000015520148490 code [0x0000015520148660, 0x0000015520148b18]
Event: 7.141 Thread 0x0000015533412220 1449       3       java.io.ByteArrayOutputStream::<init> (43 bytes)
Event: 7.142 Thread 0x0000015533412220 nmethod 1449 0x0000015520148c90 code [0x0000015520148ee0, 0x00000155201496f8]
Event: 7.142 Thread 0x0000015533412220 1450       3       sun.security.provider.SHA::implCompress (13 bytes)
Event: 7.142 Thread 0x0000015533412220 nmethod 1450 0x0000015520149a10 code [0x0000015520149c00, 0x000001552014a048]
Event: 7.142 Thread 0x0000015533412220 1451       3       sun.security.provider.SHA::implCompressCheck (27 bytes)
Event: 7.143 Thread 0x0000015533412220 nmethod 1451 0x000001552014a210 code [0x000001552014a3e0, 0x000001552014a778]
Event: 7.143 Thread 0x0000015533412220 1453       3       java.lang.reflect.AccessibleObject::checkPermission (16 bytes)
Event: 7.143 Thread 0x0000015533412220 nmethod 1453 0x000001552014a910 code [0x000001552014aae0, 0x000001552014ae08]
Event: 7.143 Thread 0x0000015533412220 1452       1       jdk.internal.reflect.ClassFileAssembler::getStack (5 bytes)
Event: 7.144 Thread 0x0000015533412220 nmethod 1452 0x0000015527469210 code [0x00000155274693a0, 0x0000015527469478]
Event: 7.144 Thread 0x0000015533412220 1454       3       java.util.stream.AbstractPipeline::<init> (91 bytes)
Event: 7.145 Thread 0x0000015533412220 nmethod 1454 0x000001552014af90 code [0x000001552014b180, 0x000001552014b7d8]
Event: 7.145 Thread 0x0000015533412220 1455       3       java.lang.Class::searchMethods (104 bytes)
Event: 7.147 Thread 0x0000015533412220 nmethod 1455 0x000001552014ba10 code [0x000001552014bc80, 0x000001552014c768]
Event: 7.161 Thread 0x0000015533412220 1456       3       java.io.ObjectStreamClass::requireInitialized (19 bytes)
Event: 7.161 Thread 0x0000015533412220 nmethod 1456 0x000001552014cc10 code [0x000001552014cdc0, 0x000001552014cfe8]
Event: 7.168 Thread 0x0000015533412220 1457       3       java.util.logging.Logger::isLoggable (27 bytes)
Event: 7.168 Thread 0x0000015533412220 nmethod 1457 0x000001552014d110 code [0x000001552014d2c0, 0x000001552014d498]

GC Heap History (2 events):
Event: 4.273 GC heap before
{Heap before GC invocations=0 (full 0):
 garbage-first heap   total 131072K, used 12288K [0x00000000d1200000, 0x0000000100000000)
  region size 1024K, 13 young (13312K), 0 survivors (0K)
 Metaspace       used 14421K, committed 14656K, reserved 1064960K
  class space    used 1508K, committed 1600K, reserved 1048576K
}
Event: 4.287 GC heap after
{Heap after GC invocations=1 (full 0):
 garbage-first heap   total 131072K, used 4359K [0x00000000d1200000, 0x0000000100000000)
  region size 1024K, 2 young (2048K), 2 survivors (2048K)
 Metaspace       used 14421K, committed 14656K, reserved 1064960K
  class space    used 1508K, committed 1600K, reserved 1048576K
}

Deoptimization events (20 events):
Event: 6.219 Thread 0x0000015533957a70 Uncommon trap: trap_request=0xffffffde fr.pc=0x000001552743b03c relative=0x000000000000091c
Event: 6.219 Thread 0x0000015533957a70 Uncommon trap: reason=class_check action=maybe_recompile pc=0x000001552743b03c method=java.util.HashMap.putVal(ILjava/lang/Object;Ljava/lang/Object;ZZ)Ljava/lang/Object; @ 203 c2
Event: 6.219 Thread 0x0000015533957a70 DEOPT PACKING pc=0x000001552743b03c sp=0x00000011077fd180
Event: 6.219 Thread 0x0000015533957a70 DEOPT UNPACKING pc=0x000001551f9723a3 sp=0x00000011077fd0b8 mode 2
Event: 6.826 Thread 0x0000015533957a70 Uncommon trap: trap_request=0xffffffde fr.pc=0x0000015527451ee8 relative=0x00000000000007c8
Event: 6.826 Thread 0x0000015533957a70 Uncommon trap: reason=class_check action=maybe_recompile pc=0x0000015527451ee8 method=java.util.regex.Pattern$Start.match(Ljava/util/regex/Matcher;ILjava/lang/CharSequence;)Z @ 44 c2
Event: 6.826 Thread 0x0000015533957a70 DEOPT PACKING pc=0x0000015527451ee8 sp=0x00000011077fdfa0
Event: 6.826 Thread 0x0000015533957a70 DEOPT UNPACKING pc=0x000001551f9723a3 sp=0x00000011077fdf30 mode 2
Event: 6.826 Thread 0x0000015533957a70 Uncommon trap: trap_request=0xffffff45 fr.pc=0x0000015527451fc4 relative=0x00000000000008a4
Event: 6.826 Thread 0x0000015533957a70 Uncommon trap: reason=unstable_if action=reinterpret pc=0x0000015527451fc4 method=java.util.regex.Pattern$Start.match(Ljava/util/regex/Matcher;ILjava/lang/CharSequence;)Z @ 10 c2
Event: 6.826 Thread 0x0000015533957a70 DEOPT PACKING pc=0x0000015527451fc4 sp=0x00000011077fdfa0
Event: 6.826 Thread 0x0000015533957a70 DEOPT UNPACKING pc=0x000001551f9723a3 sp=0x00000011077fdf40 mode 2
Event: 6.830 Thread 0x0000015533957a70 Uncommon trap: trap_request=0xffffffc6 fr.pc=0x000001552744c1b0 relative=0x00000000000003d0
Event: 6.830 Thread 0x0000015533957a70 Uncommon trap: reason=bimorphic_or_optimized_type_check action=maybe_recompile pc=0x000001552744c1b0 method=java.util.regex.Pattern$SliceI.match(Ljava/util/regex/Matcher;ILjava/lang/CharSequence;)Z @ 92 c2
Event: 6.830 Thread 0x0000015533957a70 DEOPT PACKING pc=0x000001552744c1b0 sp=0x00000011077fde40
Event: 6.830 Thread 0x0000015533957a70 DEOPT UNPACKING pc=0x000001551f9723a3 sp=0x00000011077fdde8 mode 2
Event: 7.113 Thread 0x0000015533957a70 Uncommon trap: trap_request=0xffffff45 fr.pc=0x000001552744caa0 relative=0x0000000000000200
Event: 7.113 Thread 0x0000015533957a70 Uncommon trap: reason=unstable_if action=reinterpret pc=0x000001552744caa0 method=java.util.regex.Matcher.reset()Ljava/util/regex/Matcher; @ 71 c2
Event: 7.113 Thread 0x0000015533957a70 DEOPT PACKING pc=0x000001552744caa0 sp=0x00000011077fded0
Event: 7.114 Thread 0x0000015533957a70 DEOPT UNPACKING pc=0x000001551f9723a3 sp=0x00000011077fde58 mode 2

Classes unloaded (0 events):
No events

Classes redefined (0 events):
No events

Internal exceptions (16 events):
Event: 1.901 Thread 0x000001551c1c3cf0 Exception <a 'java/lang/NoSuchMethodError'{0x00000000d8e807d0}: 'java.lang.Object java.lang.invoke.DirectMethodHandle$Holder.invokeStaticInit(java.lang.Object)'> (0x00000000d8e807d0) 
thrown [s\src\hotspot\share\interpreter\linkResolver.cpp, line 778]
Event: 1.960 Thread 0x000001551c1c3cf0 Exception <a 'java/lang/NoSuchMethodError'{0x00000000d8edfea0}: 'java.lang.Object java.lang.invoke.DirectMethodHandle$Holder.invokeStaticInit(java.lang.Object, int, int, int, int)'> (0x00000000d8edfea0) 
thrown [s\src\hotspot\share\interpreter\linkResolver.cpp, line 778]
Event: 2.258 Thread 0x000001551c1c3cf0 Exception <a 'java/lang/NoSuchMethodError'{0x00000000d8d46760}: 'java.lang.Object java.lang.invoke.DirectMethodHandle$Holder.invokeStaticInit(java.lang.Object, java.lang.Object, int, int, int, int)'> (0x00000000d8d46760) 
thrown [s\src\hotspot\share\interpreter\linkResolver.cpp, line 778]
Event: 2.316 Thread 0x000001551c1c3cf0 Exception <a 'java/lang/NoSuchMethodError'{0x00000000d8d80910}: 'void java.lang.invoke.DirectMethodHandle$Holder.invokeStatic(java.lang.Object, java.lang.Object)'> (0x00000000d8d80910) 
thrown [s\src\hotspot\share\interpreter\linkResolver.cpp, line 778]
Event: 2.519 Thread 0x000001551c1c3cf0 Exception <a 'java/lang/NoSuchMethodError'{0x00000000d8b7e690}: 'java.lang.Object java.lang.invoke.Invokers$Holder.linkToTargetMethod(java.lang.Object, long, java.lang.Object)'> (0x00000000d8b7e690) 
thrown [s\src\hotspot\share\interpreter\linkResolver.cpp, line 778]
Event: 2.767 Thread 0x0000015533957a70 Exception <a 'java/lang/NoSuchMethodError'{0x00000000d8aea920}: static [B.<clinit>()V> (0x00000000d8aea920) 
thrown [s\src\hotspot\share\prims\jni.cpp, line 1108]
Event: 3.481 Thread 0x0000015533957a70 Exception <a 'java/lang/NoSuchMethodError'{0x00000000d88bea70}: 'java.lang.Object java.lang.invoke.DirectMethodHandle$Holder.invokeVirtual(java.lang.Object, java.lang.Object, java.lang.Object, java.lang.Object)'> (0x00000000d88bea70) 
thrown [s\src\hotspot\share\interpreter\linkResolver.cpp, line 778]
Event: 3.483 Thread 0x0000015533957a70 Exception <a 'java/lang/NoSuchMethodError'{0x00000000d88c7738}: 'void java.lang.invoke.DirectMethodHandle$Holder.invokeStatic(java.lang.Object, java.lang.Object, java.lang.Object, java.lang.Object)'> (0x00000000d88c7738) 
thrown [s\src\hotspot\share\interpreter\linkResolver.cpp, line 778]
Event: 3.864 Thread 0x0000015533957a70 Exception <a 'java/lang/NoSuchMethodError'{0x00000000d87d74f8}: 'int java.lang.invoke.DirectMethodHandle$Holder.invokeSpecial(java.lang.Object, java.lang.Object, java.lang.Object)'> (0x00000000d87d74f8) 
thrown [s\src\hotspot\share\interpreter\linkResolver.cpp, line 778]
Event: 4.200 Thread 0x0000015533957a70 Exception <a 'sun/nio/fs/WindowsException'{0x00000000d85453b8}> (0x00000000d85453b8) 
thrown [s\src\hotspot\share\prims\jni.cpp, line 517]
Event: 4.224 Thread 0x0000015533957a70 Exception <a 'java/lang/NoSuchMethodError'{0x00000000d856c548}: 'int java.lang.invoke.DirectMethodHandle$Holder.invokeStaticInit(java.lang.Object, java.lang.Object, java.lang.Object, java.lang.Object)'> (0x00000000d856c548) 
thrown [s\src\hotspot\share\interpreter\linkResolver.cpp, line 778]
Event: 4.225 Thread 0x0000015533957a70 Exception <a 'java/lang/NoSuchMethodError'{0x00000000d8575d18}: 'java.lang.Object java.lang.invoke.DirectMethodHandle$Holder.invokeInterface(java.lang.Object, java.lang.Object)'> (0x00000000d8575d18) 
thrown [s\src\hotspot\share\interpreter\linkResolver.cpp, line 778]
Event: 4.226 Thread 0x0000015533957a70 Exception <a 'java/lang/IncompatibleClassChangeError'{0x00000000d85797b8}: Found class java.lang.Object, but interface was expected> (0x00000000d85797b8) 
thrown [s\src\hotspot\share\interpreter\linkResolver.cpp, line 845]
Event: 4.228 Thread 0x0000015533957a70 Exception <a 'java/lang/NoSuchMethodError'{0x00000000d857c6a0}: 'void java.lang.invoke.DirectMethodHandle$Holder.invokeStaticInit(java.lang.Object, java.lang.Object)'> (0x00000000d857c6a0) 
thrown [s\src\hotspot\share\interpreter\linkResolver.cpp, line 778]
Event: 4.231 Thread 0x0000015533957a70 Exception <a 'java/lang/NoSuchMethodError'{0x00000000d8582998}: 'int java.lang.invoke.DirectMethodHandle$Holder.invokeStaticInit(java.lang.Object, java.lang.Object)'> (0x00000000d8582998) 
thrown [s\src\hotspot\share\interpreter\linkResolver.cpp, line 778]
Event: 5.784 Thread 0x0000015533957a70 Implicit null exception at 0x000001552741a8f9 to 0x000001552741abf4

VM Operations (20 events):
Event: 4.155 Executing VM operation: HandshakeAllThreads
Event: 4.155 Executing VM operation: HandshakeAllThreads done
Event: 4.155 Executing VM operation: Cleanup
Event: 4.155 Executing VM operation: Cleanup done
Event: 4.214 Executing VM operation: HandshakeAllThreads
Event: 4.214 Executing VM operation: HandshakeAllThreads done
Event: 4.273 Executing VM operation: G1CollectForAllocation
Event: 4.287 Executing VM operation: G1CollectForAllocation done
Event: 4.333 Executing VM operation: HandshakeAllThreads
Event: 4.333 Executing VM operation: HandshakeAllThreads done
Event: 5.103 Executing VM operation: HandshakeAllThreads
Event: 5.103 Executing VM operation: HandshakeAllThreads done
Event: 6.083 Executing VM operation: HandshakeAllThreads
Event: 6.083 Executing VM operation: HandshakeAllThreads done
Event: 6.083 Executing VM operation: Cleanup
Event: 6.083 Executing VM operation: Cleanup done
Event: 6.083 Executing VM operation: HandshakeAllThreads
Event: 6.083 Executing VM operation: HandshakeAllThreads done
Event: 7.083 Executing VM operation: Cleanup
Event: 7.083 Executing VM operation: Cleanup done

Events (20 events):
Event: 6.846 loading class java/util/TimerTask
Event: 6.846 loading class java/util/TimerTask done
Event: 6.850 loading class java/util/concurrent/atomic/AtomicReferenceFieldUpdater
Event: 6.851 loading class java/util/concurrent/atomic/AtomicReferenceFieldUpdater done
Event: 6.851 loading class java/util/concurrent/atomic/AtomicReferenceFieldUpdater$AtomicReferenceFieldUpdaterImpl
Event: 6.851 loading class java/util/concurrent/atomic/AtomicReferenceFieldUpdater$AtomicReferenceFieldUpdaterImpl done
Event: 6.851 loading class java/util/concurrent/atomic/AtomicReferenceFieldUpdater$AtomicReferenceFieldUpdaterImpl$1
Event: 6.851 loading class java/util/concurrent/atomic/AtomicReferenceFieldUpdater$AtomicReferenceFieldUpdaterImpl$1 done
Event: 6.852 loading class sun/reflect/misc/ReflectUtil
Event: 6.852 loading class sun/reflect/misc/ReflectUtil done
Event: 7.100 loading class java/lang/invoke/DirectMethodHandle$Special
Event: 7.100 loading class java/lang/invoke/DirectMethodHandle$Special done
Event: 7.107 loading class java/net/UnknownHostException
Event: 7.107 loading class java/net/UnknownHostException done
Event: 7.108 loading class java/io/CharArrayReader
Event: 7.108 loading class java/io/CharArrayReader done
Event: 7.165 loading class jdk/internal/reflect/UnsafeQualifiedStaticObjectFieldAccessorImpl
Event: 7.165 loading class jdk/internal/reflect/UnsafeQualifiedStaticObjectFieldAccessorImpl done
Event: 7.166 loading class java/nio/charset/CharacterCodingException
Event: 7.166 loading class java/nio/charset/CharacterCodingException done


Dynamic libraries:
0x00007ff6f21d0000 - 0x00007ff6f21da000 	D:\GoLand 2022.2\jbr\bin\java.exe
0x00007fffd0cb0000 - 0x00007fffd0ea8000 	C:\WINDOWS\SYSTEM32\ntdll.dll
0x00007fffd0a10000 - 0x00007fffd0acd000 	C:\WINDOWS\System32\KERNEL32.DLL
0x00007fffce5a0000 - 0x00007fffce86e000 	C:\WINDOWS\System32\KERNELBASE.dll
0x00007fffce4a0000 - 0x00007fffce5a0000 	C:\WINDOWS\System32\ucrtbase.dll
0x00007fffc38c0000 - 0x00007fffc38d7000 	D:\GoLand 2022.2\jbr\bin\jli.dll
0x00007fffcef30000 - 0x00007fffcf0d0000 	C:\WINDOWS\System32\USER32.dll
0x00007fffce900000 - 0x00007fffce922000 	C:\WINDOWS\System32\win32u.dll
0x00007fffcf390000 - 0x00007fffcf3ba000 	C:\WINDOWS\System32\GDI32.dll
0x00007fffcec00000 - 0x00007fffced0b000 	C:\WINDOWS\System32\gdi32full.dll
0x00007fffce400000 - 0x00007fffce49d000 	C:\WINDOWS\System32\msvcp_win.dll
0x00007fffbd5c0000 - 0x00007fffbd5db000 	D:\GoLand 2022.2\jbr\bin\VCRUNTIME140.dll
0x00007fffbdf70000 - 0x00007fffbe20a000 	C:\WINDOWS\WinSxS\amd64_microsoft.windows.common-controls_6595b64144ccf1df_6.0.19041.1110_none_60b5254171f9507e\COMCTL32.dll
0x00007fffcee90000 - 0x00007fffcef2e000 	C:\WINDOWS\System32\msvcrt.dll
0x00007fffcee60000 - 0x00007fffcee90000 	C:\WINDOWS\System32\IMM32.DLL
0x00007fffbb970000 - 0x00007fffbb97c000 	D:\GoLand 2022.2\jbr\bin\vcruntime140_1.dll
0x00007fffa28a0000 - 0x00007fffa292d000 	D:\GoLand 2022.2\jbr\bin\msvcp140.dll
0x00007fff92500000 - 0x00007fff93168000 	D:\GoLand 2022.2\jbr\bin\server\jvm.dll
0x00007fffcf220000 - 0x00007fffcf2ce000 	C:\WINDOWS\System32\ADVAPI32.dll
0x00007fffcfbb0000 - 0x00007fffcfc4c000 	C:\WINDOWS\System32\sechost.dll
0x00007fffcfcd0000 - 0x00007fffcfdf5000 	C:\WINDOWS\System32\RPCRT4.dll
0x00007fffcee50000 - 0x00007fffcee58000 	C:\WINDOWS\System32\PSAPI.DLL
0x00007fffccac0000 - 0x00007fffccac9000 	C:\WINDOWS\SYSTEM32\WSOCK32.dll
0x00007fffcfc60000 - 0x00007fffcfccb000 	C:\WINDOWS\System32\WS2_32.dll
0x00007fffc0bc0000 - 0x00007fffc0be7000 	C:\WINDOWS\SYSTEM32\WINMM.dll
0x00007fffc7620000 - 0x00007fffc762a000 	C:\WINDOWS\SYSTEM32\VERSION.dll
0x00007fffccc50000 - 0x00007fffccc62000 	C:\WINDOWS\SYSTEM32\kernel.appcore.dll
0x00007fffc7840000 - 0x00007fffc784a000 	D:\GoLand 2022.2\jbr\bin\jimage.dll
0x00007fffcc8d0000 - 0x00007fffccab4000 	C:\WINDOWS\SYSTEM32\DBGHELP.DLL
0x00007fffba400000 - 0x00007fffba42c000 	C:\WINDOWS\SYSTEM32\dbgcore.DLL
0x00007fffce870000 - 0x00007fffce8f2000 	C:\WINDOWS\System32\bcryptPrimitives.dll
0x00007fffa3440000 - 0x00007fffa3465000 	D:\GoLand 2022.2\jbr\bin\java.dll
0x00007fffa2770000 - 0x00007fffa2788000 	D:\GoLand 2022.2\jbr\bin\zip.dll
0x00007fffcfe60000 - 0x00007fffd05a4000 	C:\WINDOWS\System32\SHELL32.dll
0x00007fffcc060000 - 0x00007fffcc7f4000 	C:\WINDOWS\SYSTEM32\windows.storage.dll
0x00007fffcf3e0000 - 0x00007fffcf734000 	C:\WINDOWS\System32\combase.dll
0x00007fffcdd50000 - 0x00007fffcdd80000 	C:\WINDOWS\SYSTEM32\Wldp.dll
0x00007fffd0960000 - 0x00007fffd0a0d000 	C:\WINDOWS\System32\SHCORE.dll
0x00007fffd0c10000 - 0x00007fffd0c65000 	C:\WINDOWS\System32\shlwapi.dll
0x00007fffce310000 - 0x00007fffce32f000 	C:\WINDOWS\SYSTEM32\profapi.dll
0x00007fffa2700000 - 0x00007fffa2719000 	D:\GoLand 2022.2\jbr\bin\net.dll
0x00007fffbd680000 - 0x00007fffbd78a000 	C:\WINDOWS\SYSTEM32\WINHTTP.dll
0x00007fffcdb30000 - 0x00007fffcdb9a000 	C:\WINDOWS\system32\mswsock.dll
0x00007fff9d4c0000 - 0x00007fff9d4d6000 	D:\GoLand 2022.2\jbr\bin\nio.dll
0x00007fffcd7f0000 - 0x00007fffcd82b000 	C:\WINDOWS\SYSTEM32\IPHLPAPI.DLL
0x00007fffcfc50000 - 0x00007fffcfc58000 	C:\WINDOWS\System32\NSI.dll
0x00007fffc2530000 - 0x00007fffc2547000 	C:\WINDOWS\SYSTEM32\dhcpcsvc6.DLL
0x00007fffc3570000 - 0x00007fffc358d000 	C:\WINDOWS\SYSTEM32\dhcpcsvc.DLL
0x00007fffcd840000 - 0x00007fffcd90b000 	C:\WINDOWS\SYSTEM32\DNSAPI.dll
0x00007fffcdd90000 - 0x00007fffcdda8000 	C:\WINDOWS\SYSTEM32\CRYPTSP.dll
0x00007fffcd400000 - 0x00007fffcd434000 	C:\WINDOWS\system32\rsaenh.dll
0x00007fffce3d0000 - 0x00007fffce3f7000 	C:\WINDOWS\System32\bcrypt.dll
0x00007fffce2d0000 - 0x00007fffce2fe000 	C:\WINDOWS\SYSTEM32\USERENV.dll
0x00007fffcdcc0000 - 0x00007fffcdccc000 	C:\WINDOWS\SYSTEM32\CRYPTBASE.dll
0x00007fffae4b0000 - 0x00007fffae4b7000 	D:\GoLand 2022.2\jbr\bin\rmi.dll
0x00007fffc67d0000 - 0x00007fffc67e0000 	D:\GoLand 2022.2\jbr\bin\verify.dll
0x00007fffbc360000 - 0x00007fffbc36a000 	C:\Windows\System32\rasadhlp.dll
0x00007fffbe700000 - 0x00007fffbe780000 	C:\WINDOWS\System32\fwpuclnt.dll
0x00007fffc61f0000 - 0x00007fffc61f9000 	D:\GoLand 2022.2\jbr\bin\management.dll
0x00007fffc61c0000 - 0x00007fffc61cb000 	D:\GoLand 2022.2\jbr\bin\management_ext.dll
0x00007fffc6750000 - 0x00007fffc675d000 	D:\GoLand 2022.2\jbr\bin\sunmscapi.dll
0x00007fffceaa0000 - 0x00007fffcebf6000 	C:\WINDOWS\System32\CRYPT32.dll
0x00007fffcdea0000 - 0x00007fffcdec7000 	C:\WINDOWS\SYSTEM32\ncrypt.dll
0x00007fffcde60000 - 0x00007fffcde9b000 	C:\WINDOWS\SYSTEM32\NTASN1.dll

dbghelp: loaded successfully - version: 4.0.5 - missing functions: none
symbol engine: initialized successfully - sym options: 0x614 - pdb path: .;D:\GoLand 2022.2\jbr\bin;C:\WINDOWS\SYSTEM32;C:\WINDOWS\WinSxS\amd64_microsoft.windows.common-controls_6595b64144ccf1df_6.0.19041.1110_none_60b5254171f9507e;D:\GoLand 2022.2\jbr\bin\server

VM Arguments:
jvm_args: -Djava.rmi.server.hostname=127.0.0.1 -Duser.timezone=UTC -Xmx750m -Xms128m -XX:+IgnoreUnrecognizedVMOptions --add-opens=jdk.unsupported/sun.misc=ALL-UNNAMED --add-opens=java.base/java.nio=ALL-UNNAMED -Dfile.encoding=UTF-8 
java_command: com.intellij.database.remote.RemoteJdbcServer org.postgresql.Driver
java_class_path (initial): D:\GoLand 2022.2\lib\util_rt.jar;D:\GoLand 2022.2\lib\util.jar;D:\GoLand 2022.2\lib\groovy.jar;D:\GoLand 2022.2\plugins\DatabaseTools\lib\jdbc-console.jar;C:\Users\asus\AppData\Roaming\JetBrains\GoLand2022.2\jdbc-drivers\PostgreSQL\42.4.0\org\postgresql\postgresql\42.4.0\postgresql-42.4.0.jar;C:\Users\asus\AppData\Roaming\JetBrains\GoLand2022.2\jdbc-drivers\PostgreSQL\42.4.0\org\checkerframework\checker-qual\3.5.0\checker-qual-3.5.0.jar;C:\Users\asus\AppData\Roaming\JetBrains\GoLand2022.2\jdbc-drivers\PostgreSQL\42.4.0\net\java\dev\jna\jna-platform\5.12.0\jna-platform-5.12.0.jar;C:\Users\asus\AppData\Roaming\JetBrains\GoLand2022.2\jdbc-drivers\PostgreSQL\42.4.0\net\java\dev\jna\jna\5.12.0\jna-5.12.0.jar;C:\Users\asus\AppData\Roaming\JetBrains\GoLand2022.2\jdbc-drivers\PostgreSQL\42.4.0\com\github\waffle\waffle-jna\1.9.1\waffle-jna-1.9.1.jar;C:\Users\asus\AppData\Roaming\JetBrains\GoLand2022.2\jdbc-drivers\PostgreSQL\42.4.0\net\java\dev\jna\jna\4.5.1\jna-4.5.1.jar;C:\Users\asus\AppData\Roaming\JetBrains\GoLand2022.2\jdbc-drivers\PostgreSQL\42.4.0\net\java\dev\jna\jna-platform\4.5.1\jna-platform-4.5.1.jar;C:\Users\asus\AppData\Roaming\JetBrains\GoLand2022.2\jdbc-drivers\PostgreSQL\42.4.0\org\slf4j\jcl-over-slf4j\1.7.25\jcl-over-slf4j-1.7.25.jar;C:\Users\asus\AppData\Roaming\JetBrains\GoLand2022.2\jdbc-drivers\PostgreSQL\42.4.0\org\slf4j\slf4j-api\1.7.25\slf4j-api-1.7.25.jar;C:\Users\asus\AppData\Roaming\JetBrains\GoLand2022.2\jdbc-drivers\PostgreSQL\42.4.0\com\github\ben-manes\caffeine\caffeine\2.6.2\caffeine-2.6.2.jar
Launcher Type: SUN_STANDARD

[Global flags]
     intx CICompilerCount                          = 3                                         {product} {ergonomic}
     uint ConcGCThreads                            = 1                                         {product} {ergonomic}
     uint G1ConcRefinementThreads                  = 4                                         {product} {ergonomic}
   size_t G1HeapRegionSize                         = 1048576                                   {product} {ergonomic}
    uintx GCDrainStackTargetSize                   = 64                                        {product} {ergonomic}
     bool IgnoreUnrecognizedVMOptions              = true                                      {product} {command line}
   size_t InitialHeapSize                          = 134217728                                 {product} {command line}
   size_t MarkStackSize                            = 4194304                                   {product} {ergonomic}
   size_t MaxHeapSize                              = 786432000                                 {product} {command line}
   size_t MaxNewSize                               = 471859200                                 {product} {ergonomic}
   size_t MinHeapDeltaBytes                        = 1048576                                   {product} {ergonomic}
   size_t MinHeapSize                              = 134217728                                 {product} {command line}
    uintx NonNMethodCodeHeapSize                   = 5832780                                {pd product} {ergonomic}
    uintx NonProfiledCodeHeapSize                  = 122912730                              {pd product} {ergonomic}
    uintx ProfiledCodeHeapSize                     = 122912730                              {pd product} {ergonomic}
    uintx ReservedCodeCacheSize                    = 251658240                              {pd product} {ergonomic}
     bool SegmentedCodeCache                       = true                                      {product} {ergonomic}
   size_t SoftMaxHeapSize                          = 786432000                              {manageable} {ergonomic}
     bool UseCompressedClassPointers               = true                           {product lp64_product} {ergonomic}
     bool UseCompressedOops                        = true                           {product lp64_product} {ergonomic}
     bool UseG1GC                                  = true                                      {product} {ergonomic}
     bool UseLargePagesIndividualAllocation        = false                                  {pd product} {ergonomic}

Logging:
Log output configuration:
 #0: stdout all=warning uptime,level,tags
 #1: stderr all=off uptime,level,tags

Environment Variables:
JAVA_HOME=C:\Program Files\Java\jdk-11.0.15
PATH=C:\Program Files\Common Files\Oracle\Java\javapath;C:\Program Files (x86)\Common Files\Oracle\Java\javapath;C:\WINDOWS\system32;C:\WINDOWS;C:\WINDOWS\System32\Wbem;C:\WINDOWS\System32\WindowsPowerShell\v1.0\;C:\WINDOWS\System32\OpenSSH\;C:\Program Files (x86)\Bitvise SSH Client;C:\Program Files\Java\jdk-11.0.15\bin;C:\apache-ant-1.10.6\bin;D:\android\tools;D:\android\tools\bin;D:\android\platform-tools;D:\android\emulator;C:\Users\asus\AppData\Roaming\nvm;C:\Program Files\nodejs;E:\laragon\bin\php\php-7.4.19-Win32-vc15-x64;C:\ProgramData\ComposerSetup\bin;C:\Python27;C:\Program Files\Microsoft SQL Server\120\Tools\Binn\;C:\Program Files\Microsoft SQL Server\Client SDK\ODBC\110\Tools\Binn\;C:\Program Files (x86)\Microsoft SQL Server\120\Tools\Binn\;C:\Program Files\Microsoft SQL Server\120\DTS\Binn\;C:\ProgramData\chocolatey\bin;C:\Users\asus\.android\avd;C:\Program Files (x86)\Sublime Text;C:\MinGW\bin;C:\MinGW\msys\1.0\bin;C:\Program Files\Go\bin;C:\Program Files\PuTTY\;C:\Program Files\Git\cmd;C:\Gradle\gradle-7.4.2;;C:\Program Files\Docker\Docker\resources\bin;C:\ProgramData\DockerDesktop\version-bin;C:\Users\asus\AppData\Local\Yarn\config\global\node_modules\.bin;C:\Users\asus\AppData\Roaming\Composer\vendor\bin;C:\Users\asus\AppData\Roaming\npm;E:\laragon\bin;E:\laragon\bin\apache\httpd-2.4.35-win64-VC15\bin;E:\laragon\bin\composer;E:\laragon\bin\git\bin;E:\laragon\bin\git\cmd;E:\laragon\bin\git\mingw64\bin;E:\laragon\bin\git\usr\bin;E:\laragon\bin\laragon\utils;E:\laragon\bin\mysql\mysql-5.7.24-winx64\bin;E:\laragon\bin\nginx\nginx-1.16.0;E:\laragon\bin\ngrok;E:\laragon\bin\nodejs\node-v12;E:\laragon\bin\notepad++;E:\laragon\bin\php\php-7.4.19-Win32-vc15-x64;E:\laragon\bin\putty;E:\laragon\bin\redis\redis-x64-3.2.100;E:\laragon\bin\telnet;E:\laragon\usr\bin;C:\Users\asus\AppData\Local\Programs\Python\Python38-32\Scripts\;C:\Users\asus\AppData\Local\Programs\Python\Python38-32\;C:\Users\asus\.windows-build-tools\python27\;C:\Users\asus\AppData\Local\Microsoft
USERNAME=asus
OS=Windows_NT
PROCESSOR_IDENTIFIER=Intel64 Family 6 Model 69 Stepping 1, GenuineIntel



---------------  S Y S T E M  ---------------

OS:
 Windows 10 , 64 bit Build 19041 (10.0.19041.1806)
OS uptime: 0 days 1:30 hours
Hyper-V role detected

CPU: total 4 (initial active 4) (2 cores per cpu, 2 threads per core) family 6 model 69 stepping 1 microcode 0x25, cx8, cmov, fxsr, ht, mmx, sse, sse2, sse3, ssse3, sse4.1, sse4.2, popcnt, lzcnt, tsc, tscinvbit, avx, avx2, aes, erms, clmul, bmi1, bmi2, fma, vzeroupper, clflush, hv

Memory: 4k page, system-wide physical 10123M (1761M free)
TotalPageFile size 14219M (AvailPageFile size 6M)
current process WorkingSet (physical memory assigned to process): 90M, peak: 90M
current process commit charge ("private bytes"): 229M, peak: 231M

vm_info: OpenJDK 64-Bit Server VM (17.0.3+7-b469.32) for windows-amd64 JRE (17.0.3+7-b469.32), built on 2022-07-19 by "builduser" with MS VC++ 16.10 / 16.11 (VS2019)

END.
