#
# There is insufficient memory for the Java Runtime Environment to continue.
# Native memory allocation (mmap) failed to map 134217728 bytes for G1 virtual space
# Possible reasons:
#   The system is out of physical RAM or swap space
#   The process is running with CompressedOops enabled, and the Java Heap may be blocking the growth of the native heap
# Possible solutions:
#   Reduce memory load on the system
#   Increase physical memory or swap space
#   Check if swap backing store is full
#   Decrease Java heap size (-Xmx/-Xms)
#   Decrease number of Java threads
#   Decrease Java thread stack sizes (-Xss)
#   Set larger code cache with -XX:ReservedCodeCacheSize=
#   JVM is running with Unscaled Compressed Oops mode in which the Java heap is
#     placed in the first 4GB address space. The Java Heap base address is the
#     maximum limit for the native heap growth. Please use -XX:HeapBaseMinAddress
#     to set the Java Heap base and to place the Java Heap above 4GB virtual address.
# This output file may be truncated or incomplete.
#
#  Out of Memory Error (os_windows.cpp:3747), pid=22360, tid=10368
#
# JRE version:  (17.0.3+7) (build )
# Java VM: OpenJDK 64-Bit Server VM (17.0.3+7-b469.32, mixed mode, sharing, tiered, compressed oops, compressed class ptrs, g1 gc, windows-amd64)
# No core dump will be written. Minidumps are not enabled by default on client versions of Windows
#

---------------  S U M M A R Y ------------

Command Line: -Djava.rmi.server.hostname=127.0.0.1 -Duser.timezone=UTC -Xmx750m -Xms128m -XX:+IgnoreUnrecognizedVMOptions --add-opens=jdk.unsupported/sun.misc=ALL-UNNAMED --add-opens=java.base/java.nio=ALL-UNNAMED -Dfile.encoding=UTF-8 com.intellij.database.remote.RemoteJdbcServer org.postgresql.Driver

Host: Intel(R) Core(TM) i3-4030U CPU @ 1.90GHz, 4 cores, 9G,  Windows 10 , 64 bit Build 19041 (10.0.19041.1806)
Time: Tue Aug  9 23:31:45 2022 SE Asia Standard Time elapsed time: 0.280705 seconds (0d 0h 0m 0s)

---------------  T H R E A D  ---------------

Current thread (0x0000029effd248d0):  JavaThread "Unknown thread" [_thread_in_vm, id=10368, stack(0x000000f608d00000,0x000000f608e00000)]

Stack: [0x000000f608d00000,0x000000f608e00000]
Native frames: (J=compiled Java code, j=interpreted, Vv=VM code, C=native code)
V  [jvm.dll+0x681f8a]
V  [jvm.dll+0x83e374]
V  [jvm.dll+0x83fb1e]
V  [jvm.dll+0x840183]
V  [jvm.dll+0x2492a5]
V  [jvm.dll+0x67ee59]
V  [jvm.dll+0x67355a]
V  [jvm.dll+0x308fab]
V  [jvm.dll+0x310466]
V  [jvm.dll+0x3601de]
V  [jvm.dll+0x36040f]
V  [jvm.dll+0x2df098]
V  [jvm.dll+0x2e0004]
V  [jvm.dll+0x80fc61]
V  [jvm.dll+0x36df61]
V  [jvm.dll+0x7ef17c]
V  [jvm.dll+0x3f10ef]
V  [jvm.dll+0x3f2c31]
C  [jli.dll+0x526b]
C  [ucrtbase.dll+0x21bb2]
C  [KERNEL32.DLL+0x17034]
C  [ntdll.dll+0x52651]


---------------  P R O C E S S  ---------------

Threads class SMR info:
_java_thread_list=0x00007fff93036f18, length=0, elements={
}

Java Threads: ( => current thread )

Other Threads:
  0x0000029effd57700 GCTaskThread "GC Thread#0" [stack: 0x000000f608e00000,0x000000f608f00000] [id=22488]
  0x0000029effd5f410 ConcurrentGCThread "G1 Main Marker" [stack: 0x000000f608f00000,0x000000f609000000] [id=23436]
  0x0000029effd605c0 ConcurrentGCThread "G1 Conc#0" [stack: 0x000000f609000000,0x000000f609100000] [id=4428]

[error occurred during error reporting (printing all threads), id 0xc0000005, EXCEPTION_ACCESS_VIOLATION (0xc0000005) at pc=0x00007fff927efc57]

VM state: not at safepoint (not fully initialized)

VM Mutex/Monitor currently owned by a thread:  ([mutex/lock_event])
[0x0000029effd1fec0] Heap_lock - owner thread: 0x0000029effd248d0

Heap address: 0x00000000d1200000, size: 750 MB, Compressed Oops mode: 32-bit

CDS archive(s) mapped at: [0x0000000000000000-0x0000000000000000-0x0000000000000000), size 0, SharedBaseAddress: 0x0000000800000000, ArchiveRelocationMode: 0.
Narrow klass base: 0x0000000000000000, Narrow klass shift: 0, Narrow klass range: 0x0

GC Precious Log:
<Empty>

Heap:
 garbage-first heap   total 0K, used 0K [0x00000000d1200000, 0x0000000100000000)
  region size 1024K, 0 young (0K), 0 survivors (0K)

[error occurred during error reporting (printing heap information), id 0xc0000005, EXCEPTION_ACCESS_VIOLATION (0xc0000005) at pc=0x00007fff92bdbbd9]

GC Heap History (0 events):
No events

Deoptimization events (0 events):
No events

Classes unloaded (0 events):
No events

Classes redefined (0 events):
No events

Internal exceptions (0 events):
No events

VM Operations (0 events):
No events

Events (1 events):
Event: 0.021 Loaded shared library D:\GoLand 2022.2\jbr\bin\java.dll


Dynamic libraries:
0x00007ff6f21d0000 - 0x00007ff6f21da000 	D:\GoLand 2022.2\jbr\bin\java.exe
0x00007fffd0cb0000 - 0x00007fffd0ea8000 	C:\WINDOWS\SYSTEM32\ntdll.dll
0x00007fffd0a10000 - 0x00007fffd0acd000 	C:\WINDOWS\System32\KERNEL32.DLL
0x00007fffce5a0000 - 0x00007fffce86e000 	C:\WINDOWS\System32\KERNELBASE.dll
0x00007fffce4a0000 - 0x00007fffce5a0000 	C:\WINDOWS\System32\ucrtbase.dll
0x00007fffc38c0000 - 0x00007fffc38d7000 	D:\GoLand 2022.2\jbr\bin\jli.dll
0x00007fffcef30000 - 0x00007fffcf0d0000 	C:\WINDOWS\System32\USER32.dll
0x00007fffce900000 - 0x00007fffce922000 	C:\WINDOWS\System32\win32u.dll
0x00007fffcf390000 - 0x00007fffcf3ba000 	C:\WINDOWS\System32\GDI32.dll
0x00007fffcec00000 - 0x00007fffced0b000 	C:\WINDOWS\System32\gdi32full.dll
0x00007fffbdf70000 - 0x00007fffbe20a000 	C:\WINDOWS\WinSxS\amd64_microsoft.windows.common-controls_6595b64144ccf1df_6.0.19041.1110_none_60b5254171f9507e\COMCTL32.dll
0x00007fffbd5c0000 - 0x00007fffbd5db000 	D:\GoLand 2022.2\jbr\bin\VCRUNTIME140.dll
0x00007fffce400000 - 0x00007fffce49d000 	C:\WINDOWS\System32\msvcp_win.dll
0x00007fffcee90000 - 0x00007fffcef2e000 	C:\WINDOWS\System32\msvcrt.dll
0x00007fffcee60000 - 0x00007fffcee90000 	C:\WINDOWS\System32\IMM32.DLL
0x00007fffbb970000 - 0x00007fffbb97c000 	D:\GoLand 2022.2\jbr\bin\vcruntime140_1.dll
0x00007fffa2970000 - 0x00007fffa29fd000 	D:\GoLand 2022.2\jbr\bin\msvcp140.dll
0x00007fff92500000 - 0x00007fff93168000 	D:\GoLand 2022.2\jbr\bin\server\jvm.dll
0x00007fffcf220000 - 0x00007fffcf2ce000 	C:\WINDOWS\System32\ADVAPI32.dll
0x00007fffcfbb0000 - 0x00007fffcfc4c000 	C:\WINDOWS\System32\sechost.dll
0x00007fffcfcd0000 - 0x00007fffcfdf5000 	C:\WINDOWS\System32\RPCRT4.dll
0x00007fffcee50000 - 0x00007fffcee58000 	C:\WINDOWS\System32\PSAPI.DLL
0x00007fffc0bc0000 - 0x00007fffc0be7000 	C:\WINDOWS\SYSTEM32\WINMM.dll
0x00007fffccac0000 - 0x00007fffccac9000 	C:\WINDOWS\SYSTEM32\WSOCK32.dll
0x00007fffc7620000 - 0x00007fffc762a000 	C:\WINDOWS\SYSTEM32\VERSION.dll
0x00007fffcfc60000 - 0x00007fffcfccb000 	C:\WINDOWS\System32\WS2_32.dll
0x00007fffccc50000 - 0x00007fffccc62000 	C:\WINDOWS\SYSTEM32\kernel.appcore.dll
0x00007fffc7840000 - 0x00007fffc784a000 	D:\GoLand 2022.2\jbr\bin\jimage.dll
0x00007fffcc8d0000 - 0x00007fffccab4000 	C:\WINDOWS\SYSTEM32\DBGHELP.DLL
0x00007fffba400000 - 0x00007fffba42c000 	C:\WINDOWS\SYSTEM32\dbgcore.DLL
0x00007fffce870000 - 0x00007fffce8f2000 	C:\WINDOWS\System32\bcryptPrimitives.dll
0x00007fffa3440000 - 0x00007fffa3465000 	D:\GoLand 2022.2\jbr\bin\java.dll

dbghelp: loaded successfully - version: 4.0.5 - missing functions: none
symbol engine: initialized successfully - sym options: 0x614 - pdb path: .;D:\GoLand 2022.2\jbr\bin;C:\WINDOWS\SYSTEM32;C:\WINDOWS\WinSxS\amd64_microsoft.windows.common-controls_6595b64144ccf1df_6.0.19041.1110_none_60b5254171f9507e;D:\GoLand 2022.2\jbr\bin\server

VM Arguments:
jvm_args: -Djava.rmi.server.hostname=127.0.0.1 -Duser.timezone=UTC -Xmx750m -Xms128m -XX:+IgnoreUnrecognizedVMOptions --add-opens=jdk.unsupported/sun.misc=ALL-UNNAMED --add-opens=java.base/java.nio=ALL-UNNAMED -Dfile.encoding=UTF-8 
java_command: com.intellij.database.remote.RemoteJdbcServer org.postgresql.Driver
java_class_path (initial): D:\GoLand 2022.2\lib\util_rt.jar;D:\GoLand 2022.2\lib\util.jar;D:\GoLand 2022.2\lib\groovy.jar;D:\GoLand 2022.2\plugins\DatabaseTools\lib\jdbc-console.jar;C:\Users\asus\AppData\Roaming\JetBrains\GoLand2022.2\jdbc-drivers\PostgreSQL\42.4.0\org\postgresql\postgresql\42.4.0\postgresql-42.4.0.jar;C:\Users\asus\AppData\Roaming\JetBrains\GoLand2022.2\jdbc-drivers\PostgreSQL\42.4.0\org\checkerframework\checker-qual\3.5.0\checker-qual-3.5.0.jar;C:\Users\asus\AppData\Roaming\JetBrains\GoLand2022.2\jdbc-drivers\PostgreSQL\42.4.0\net\java\dev\jna\jna-platform\5.12.0\jna-platform-5.12.0.jar;C:\Users\asus\AppData\Roaming\JetBrains\GoLand2022.2\jdbc-drivers\PostgreSQL\42.4.0\net\java\dev\jna\jna\5.12.0\jna-5.12.0.jar;C:\Users\asus\AppData\Roaming\JetBrains\GoLand2022.2\jdbc-drivers\PostgreSQL\42.4.0\com\github\waffle\waffle-jna\1.9.1\waffle-jna-1.9.1.jar;C:\Users\asus\AppData\Roaming\JetBrains\GoLand2022.2\jdbc-drivers\PostgreSQL\42.4.0\net\java\dev\jna\jna\4.5.1\jna-4.5.1.jar;C:\Users\asus\AppData\Roaming\JetBrains\GoLand2022.2\jdbc-drivers\PostgreSQL\42.4.0\net\java\dev\jna\jna-platform\4.5.1\jna-platform-4.5.1.jar;C:\Users\asus\AppData\Roaming\JetBrains\GoLand2022.2\jdbc-drivers\PostgreSQL\42.4.0\org\slf4j\jcl-over-slf4j\1.7.25\jcl-over-slf4j-1.7.25.jar;C:\Users\asus\AppData\Roaming\JetBrains\GoLand2022.2\jdbc-drivers\PostgreSQL\42.4.0\org\slf4j\slf4j-api\1.7.25\slf4j-api-1.7.25.jar;C:\Users\asus\AppData\Roaming\JetBrains\GoLand2022.2\jdbc-drivers\PostgreSQL\42.4.0\com\github\ben-manes\caffeine\caffeine\2.6.2\caffeine-2.6.2.jar
Launcher Type: SUN_STANDARD

[Global flags]
     intx CICompilerCount                          = 3                                         {product} {ergonomic}
     uint ConcGCThreads                            = 1                                         {product} {ergonomic}
     uint G1ConcRefinementThreads                  = 4                                         {product} {ergonomic}
   size_t G1HeapRegionSize                         = 1048576                                   {product} {ergonomic}
    uintx GCDrainStackTargetSize                   = 64                                        {product} {ergonomic}
     bool IgnoreUnrecognizedVMOptions              = true                                      {product} {command line}
   size_t InitialHeapSize                          = 134217728                                 {product} {command line}
   size_t MarkStackSize                            = 4194304                                   {product} {ergonomic}
   size_t MaxHeapSize                              = 786432000                                 {product} {command line}
   size_t MinHeapDeltaBytes                        = 1048576                                   {product} {ergonomic}
   size_t MinHeapSize                              = 134217728                                 {product} {command line}
    uintx NonNMethodCodeHeapSize                   = 5832780                                {pd product} {ergonomic}
    uintx NonProfiledCodeHeapSize                  = 122912730                              {pd product} {ergonomic}
    uintx ProfiledCodeHeapSize                     = 122912730                              {pd product} {ergonomic}
    uintx ReservedCodeCacheSize                    = 251658240                              {pd product} {ergonomic}
     bool SegmentedCodeCache                       = true                                      {product} {ergonomic}
   size_t SoftMaxHeapSize                          = 786432000                              {manageable} {ergonomic}
     bool UseCompressedClassPointers               = true                           {product lp64_product} {ergonomic}
     bool UseCompressedOops                        = true                           {product lp64_product} {ergonomic}
     bool UseG1GC                                  = true                                      {product} {ergonomic}
     bool UseLargePagesIndividualAllocation        = false                                  {pd product} {ergonomic}

Logging:
Log output configuration:
 #0: stdout all=warning uptime,level,tags
 #1: stderr all=off uptime,level,tags

Environment Variables:
JAVA_HOME=C:\Program Files\Java\jdk-11.0.15
PATH=C:\Program Files\Common Files\Oracle\Java\javapath;C:\Program Files (x86)\Common Files\Oracle\Java\javapath;C:\WINDOWS\system32;C:\WINDOWS;C:\WINDOWS\System32\Wbem;C:\WINDOWS\System32\WindowsPowerShell\v1.0\;C:\WINDOWS\System32\OpenSSH\;C:\Program Files (x86)\Bitvise SSH Client;C:\Program Files\Java\jdk-11.0.15\bin;C:\apache-ant-1.10.6\bin;D:\android\tools;D:\android\tools\bin;D:\android\platform-tools;D:\android\emulator;C:\Users\asus\AppData\Roaming\nvm;C:\Program Files\nodejs;E:\laragon\bin\php\php-7.4.19-Win32-vc15-x64;C:\ProgramData\ComposerSetup\bin;C:\Python27;C:\Program Files\Microsoft SQL Server\120\Tools\Binn\;C:\Program Files\Microsoft SQL Server\Client SDK\ODBC\110\Tools\Binn\;C:\Program Files (x86)\Microsoft SQL Server\120\Tools\Binn\;C:\Program Files\Microsoft SQL Server\120\DTS\Binn\;C:\ProgramData\chocolatey\bin;C:\Users\asus\.android\avd;C:\Program Files (x86)\Sublime Text;C:\MinGW\bin;C:\MinGW\msys\1.0\bin;C:\Program Files\Go\bin;C:\Program Files\PuTTY\;C:\Program Files\Git\cmd;C:\Gradle\gradle-7.4.2;;C:\Program Files\Docker\Docker\resources\bin;C:\ProgramData\DockerDesktop\version-bin;C:\Users\asus\AppData\Local\Yarn\config\global\node_modules\.bin;C:\Users\asus\AppData\Roaming\Composer\vendor\bin;C:\Users\asus\AppData\Roaming\npm;E:\laragon\bin;E:\laragon\bin\apache\httpd-2.4.35-win64-VC15\bin;E:\laragon\bin\composer;E:\laragon\bin\git\bin;E:\laragon\bin\git\cmd;E:\laragon\bin\git\mingw64\bin;E:\laragon\bin\git\usr\bin;E:\laragon\bin\laragon\utils;E:\laragon\bin\mysql\mysql-5.7.24-winx64\bin;E:\laragon\bin\nginx\nginx-1.16.0;E:\laragon\bin\ngrok;E:\laragon\bin\nodejs\node-v12;E:\laragon\bin\notepad++;E:\laragon\bin\php\php-7.4.19-Win32-vc15-x64;E:\laragon\bin\putty;E:\laragon\bin\redis\redis-x64-3.2.100;E:\laragon\bin\telnet;E:\laragon\usr\bin;C:\Users\asus\AppData\Local\Programs\Python\Python38-32\Scripts\;C:\Users\asus\AppData\Local\Programs\Python\Python38-32\;C:\Users\asus\.windows-build-tools\python27\;C:\Users\asus\AppData\Local\Microsoft
USERNAME=asus
OS=Windows_NT
PROCESSOR_IDENTIFIER=Intel64 Family 6 Model 69 Stepping 1, GenuineIntel



---------------  S Y S T E M  ---------------

OS:
 Windows 10 , 64 bit Build 19041 (10.0.19041.1806)
OS uptime: 0 days 1:30 hours
Hyper-V role detected

CPU: total 4 (initial active 4) (2 cores per cpu, 2 threads per core) family 6 model 69 stepping 1 microcode 0x25, cx8, cmov, fxsr, ht, mmx, sse, sse2, sse3, ssse3, sse4.1, sse4.2, popcnt, lzcnt, tsc, tscinvbit, avx, avx2, aes, erms, clmul, bmi1, bmi2, fma, vzeroupper, clflush, hv

Memory: 4k page, system-wide physical 10123M (1754M free)
TotalPageFile size 14219M (AvailPageFile size 101M)
current process WorkingSet (physical memory assigned to process): 10M, peak: 10M
current process commit charge ("private bytes"): 51M, peak: 179M

vm_info: OpenJDK 64-Bit Server VM (17.0.3+7-b469.32) for windows-amd64 JRE (17.0.3+7-b469.32), built on 2022-07-19 by "builduser" with MS VC++ 16.10 / 16.11 (VS2019)

END.
